2022-05-11 18:55:13,531 [Worker-4: Loading available Gradle versions] INFO  o.e.b.c.i.u.g.PublishedGradleVersions - Gradle version information cache is out-of-date. Trying to update.
2022-05-11 18:56:21,995 [Worker-6: Importing Maven projects] INFO  o.e.m.c.i.l.LifecycleMappingFactory - Using org.eclipse.m2e.jdt.JarLifecycleMapping lifecycle mapping for MavenProject: sia:taco-cloud:0.0.6-SNAPSHOT @ C:\Users\Manex\Documents\Code College\Spring Core\spring-in-action-6-samples-main\spring-in-action-6-samples-main\ch06\taco-cloud\pom.xml.
2022-05-11 18:56:23,866 [Worker-6: Importing Maven projects] INFO  o.e.m.c.i.e.AbstractTransferListenerAdapter - Downloaded https://repo.spring.io/milestone/org/springframework/boot/spring-boot-configuration-processor/2.5.3/spring-boot-configuration-processor-2.5.3.pom
2022-05-11 18:56:25,294 [Worker-6: Importing Maven projects] INFO  o.e.m.c.i.e.AbstractTransferListenerAdapter - Downloading https://repo.maven.apache.org/maven2/org/springframework/boot/spring-boot-configuration-processor/2.5.3/spring-boot-configuration-processor-2.5.3.pom
2022-05-11 18:56:25,670 [Worker-6: Importing Maven projects] INFO  o.e.m.c.i.e.AbstractTransferListenerAdapter - Downloaded https://repo.maven.apache.org/maven2/org/springframework/boot/spring-boot-configuration-processor/2.5.3/spring-boot-configuration-processor-2.5.3.pom
2022-05-11 18:56:26,409 [Worker-6: Importing Maven projects] INFO  o.e.m.c.i.e.AbstractTransferListenerAdapter - Downloaded https://repo.spring.io/milestone/org/springframework/boot/spring-boot-configuration-processor/2.5.3/spring-boot-configuration-processor-2.5.3.jar
2022-05-11 18:56:26,605 [Worker-6: Importing Maven projects] INFO  o.e.m.c.i.e.AbstractTransferListenerAdapter - Downloading https://repo.maven.apache.org/maven2/org/springframework/boot/spring-boot-configuration-processor/2.5.3/spring-boot-configuration-processor-2.5.3.jar
2022-05-11 18:56:27,515 [Worker-6: Importing Maven projects] INFO  o.e.m.c.i.e.AbstractTransferListenerAdapter - Downloaded https://repo.maven.apache.org/maven2/org/springframework/boot/spring-boot-configuration-processor/2.5.3/spring-boot-configuration-processor-2.5.3.jar
2022-05-11 18:56:28,436 [Worker-6: Importing Maven projects] INFO  o.e.m.j.i.AbstractJavaProjectConfigurator - Adding source folder /taco-cloud/src/main/java
2022-05-11 18:56:28,436 [Worker-6: Importing Maven projects] INFO  o.e.m.j.i.AbstractJavaProjectConfigurator - Adding resource folder /taco-cloud/src/main/resources
2022-05-11 18:56:28,440 [Worker-6: Importing Maven projects] INFO  o.e.m.j.i.AbstractJavaProjectConfigurator - Adding resource folder /taco-cloud/src/main/resources
2022-05-11 18:56:28,446 [Worker-6: Importing Maven projects] INFO  o.e.m.j.i.AbstractJavaProjectConfigurator - Adding source folder /taco-cloud/src/test/java
2022-05-11 18:56:30,575 [Worker-6: Importing Maven projects] INFO  o.e.m.c.i.p.ProjectConfigurationManager - Imported and configured 1 project(s) in 10 sec
2022-05-11 18:56:31,000 [Worker-1: Download sources and javadoc] INFO  o.e.m.c.i.e.AbstractTransferListenerAdapter - Downloaded https://repo.spring.io/milestone/org/springframework/boot/spring-boot-configuration-processor/2.5.3/spring-boot-configuration-processor-2.5.3-sources.jar
2022-05-11 18:56:31,833 [Worker-1: Download sources and javadoc] INFO  o.e.m.c.i.e.AbstractTransferListenerAdapter - Downloading https://repo.maven.apache.org/maven2/org/springframework/boot/spring-boot-configuration-processor/2.5.3/spring-boot-configuration-processor-2.5.3-sources.jar
2022-05-11 18:56:32,590 [Worker-1: Download sources and javadoc] INFO  o.e.m.c.i.e.AbstractTransferListenerAdapter - Downloaded https://repo.maven.apache.org/maven2/org/springframework/boot/spring-boot-configuration-processor/2.5.3/spring-boot-configuration-processor-2.5.3-sources.jar
2022-05-11 18:56:32,593 [Worker-1: Download sources and javadoc] INFO  o.e.m.j.internal.DownloadSourcesJob - Downloaded sources for org.springframework.boot:spring-boot-configuration-processor:2.5.3
2022-05-11 18:56:33,291 [Worker-3: Building] INFO  o.e.m.c.i.embedder.EclipseLogger - Using 'UTF-8' encoding to copy filtered resources.
2022-05-11 18:56:33,291 [Worker-3: Building] INFO  o.e.m.c.i.embedder.EclipseLogger - Using 'UTF-8' encoding to copy filtered properties files.
2022-05-11 18:56:33,296 [Worker-3: Building] INFO  o.e.m.c.i.embedder.EclipseLogger - Copying 1 resource
2022-05-11 18:56:33,323 [Worker-3: Building] INFO  o.e.m.c.i.embedder.EclipseLogger - Copying 10 resources
2022-05-11 18:56:33,360 [Worker-3: Building] INFO  o.e.m.c.i.embedder.EclipseLogger - Using 'UTF-8' encoding to copy filtered resources.
2022-05-11 18:56:33,361 [Worker-3: Building] INFO  o.e.m.c.i.embedder.EclipseLogger - Using 'UTF-8' encoding to copy filtered properties files.
2022-05-11 18:56:33,361 [Worker-3: Building] INFO  o.e.m.c.i.embedder.EclipseLogger - skip non existing resourceDirectory C:\Users\Manex\Documents\Code College\Spring Core\spring-in-action-6-samples-main\spring-in-action-6-samples-main\ch06\taco-cloud\src\test\resources
2022-05-11 21:04:49,676 [Worker-4: Loading available Gradle versions] INFO  o.e.b.c.i.u.g.PublishedGradleVersions - Gradle version information cache is up-to-date. Trying to read.
2022-05-11 21:04:52,311 [Worker-2: Building] INFO  o.e.m.c.i.embedder.EclipseLogger - Using 'UTF-8' encoding to copy filtered resources.
2022-05-11 21:04:52,311 [Worker-2: Building] INFO  o.e.m.c.i.embedder.EclipseLogger - Using 'UTF-8' encoding to copy filtered properties files.
2022-05-11 21:04:52,315 [Worker-2: Building] INFO  o.e.m.c.i.embedder.EclipseLogger - Copying 1 resource
2022-05-11 21:04:52,336 [Worker-2: Building] INFO  o.e.m.c.i.embedder.EclipseLogger - Copying 10 resources
2022-05-11 21:04:52,341 [Worker-2: Building] INFO  o.e.m.c.i.embedder.EclipseLogger - Using 'UTF-8' encoding to copy filtered resources.
2022-05-11 21:04:52,341 [Worker-2: Building] INFO  o.e.m.c.i.embedder.EclipseLogger - Using 'UTF-8' encoding to copy filtered properties files.
2022-05-11 21:04:52,341 [Worker-2: Building] INFO  o.e.m.c.i.embedder.EclipseLogger - skip non existing resourceDirectory C:\Users\Manex\Documents\Code College\Spring Core\spring-in-action-6-samples-main\spring-in-action-6-samples-main\ch06\taco-cloud\src\test\resources
2022-05-11 21:04:53,280 [Worker-6: Building] INFO  o.e.m.c.i.l.LifecycleMappingFactory - Using org.eclipse.m2e.jdt.JarLifecycleMapping lifecycle mapping for MavenProject: sia:taco-cloud:0.0.6-SNAPSHOT @ C:\Users\Manex\Documents\Code College\Spring Core\spring-in-action-6-samples-main\spring-in-action-6-samples-main\ch06\taco-cloud\pom.xml.
2022-05-11 21:04:54,064 [Worker-2: Building] INFO  o.e.m.c.i.l.LifecycleMappingFactory - Using org.eclipse.m2e.jdt.JarLifecycleMapping lifecycle mapping for MavenProject: sia:taco-cloud:0.0.6-SNAPSHOT @ C:\Users\Manex\Documents\Code College\Spring Core\spring-in-action-6-samples-main\spring-in-action-6-samples-main\ch06\taco-cloud\pom.xml.
2022-05-11 21:04:54,565 [Worker-2: Building] INFO  o.e.m.c.i.embedder.EclipseLogger - Using 'UTF-8' encoding to copy filtered resources.
2022-05-11 21:04:54,565 [Worker-2: Building] INFO  o.e.m.c.i.embedder.EclipseLogger - Using 'UTF-8' encoding to copy filtered properties files.
2022-05-11 21:04:54,566 [Worker-2: Building] INFO  o.e.m.c.i.embedder.EclipseLogger - Copying 1 resource
2022-05-11 21:04:54,587 [Worker-2: Building] INFO  o.e.m.c.i.embedder.EclipseLogger - Copying 10 resources
2022-05-11 21:04:54,593 [Worker-2: Building] INFO  o.e.m.c.i.embedder.EclipseLogger - Using 'UTF-8' encoding to copy filtered resources.
2022-05-11 21:04:54,593 [Worker-2: Building] INFO  o.e.m.c.i.embedder.EclipseLogger - Using 'UTF-8' encoding to copy filtered properties files.
2022-05-11 21:04:54,593 [Worker-2: Building] INFO  o.e.m.c.i.embedder.EclipseLogger - skip non existing resourceDirectory C:\Users\Manex\Documents\Code College\Spring Core\spring-in-action-6-samples-main\spring-in-action-6-samples-main\ch06\taco-cloud\src\test\resources
2022-05-11 21:04:56,013 [Worker-0: Building] INFO  o.e.m.c.i.embedder.EclipseLogger - Using 'UTF-8' encoding to copy filtered resources.
2022-05-11 21:04:56,013 [Worker-0: Building] INFO  o.e.m.c.i.embedder.EclipseLogger - Using 'UTF-8' encoding to copy filtered properties files.
2022-05-11 21:04:56,014 [Worker-0: Building] INFO  o.e.m.c.i.embedder.EclipseLogger - Copying 0 resource
2022-05-11 21:04:56,014 [Worker-0: Building] INFO  o.e.m.c.i.embedder.EclipseLogger - Copying 0 resource
2022-05-11 21:04:56,017 [Worker-0: Building] INFO  o.e.m.c.i.embedder.EclipseLogger - Using 'UTF-8' encoding to copy filtered resources.
2022-05-11 21:04:56,017 [Worker-0: Building] INFO  o.e.m.c.i.embedder.EclipseLogger - Using 'UTF-8' encoding to copy filtered properties files.
2022-05-11 21:04:56,017 [Worker-0: Building] INFO  o.e.m.c.i.embedder.EclipseLogger - skip non existing resourceDirectory C:\Users\Manex\Documents\Code College\Spring Core\spring-in-action-6-samples-main\spring-in-action-6-samples-main\ch06\taco-cloud\src\test\resources
2022-05-11 21:08:39,728 [Worker-0: Importing Maven projects] INFO  o.e.m.c.i.l.LifecycleMappingFactory - Using org.eclipse.m2e.jdt.JarLifecycleMapping lifecycle mapping for MavenProject: sia:taco-cloud:0.0.6-SNAPSHOT @ C:\Users\Manex\Documents\Code College\Spring Core\spring-in-action-6-samples-main\spring-in-action-6-samples-main\ch06\taco-cloud\pom.xml.
2022-05-11 21:08:40,350 [Worker-0: Importing Maven projects] INFO  o.e.m.j.i.AbstractJavaProjectConfigurator - Adding source folder /taco-cloud/src/main/java
2022-05-11 21:08:40,351 [Worker-0: Importing Maven projects] INFO  o.e.m.j.i.AbstractJavaProjectConfigurator - Adding resource folder /taco-cloud/src/main/resources
2022-05-11 21:08:40,357 [Worker-0: Importing Maven projects] INFO  o.e.m.j.i.AbstractJavaProjectConfigurator - Adding resource folder /taco-cloud/src/main/resources
2022-05-11 21:08:40,361 [Worker-0: Importing Maven projects] INFO  o.e.m.j.i.AbstractJavaProjectConfigurator - Adding source folder /taco-cloud/src/test/java
2022-05-11 21:08:41,009 [Worker-0: Importing Maven projects] INFO  o.e.m.c.i.p.ProjectConfigurationManager - Imported and configured 1 project(s) in 1 sec
2022-05-11 21:08:42,695 [Worker-12: Building] INFO  o.e.m.c.i.embedder.EclipseLogger - Using 'UTF-8' encoding to copy filtered resources.
2022-05-11 21:08:42,695 [Worker-12: Building] INFO  o.e.m.c.i.embedder.EclipseLogger - Using 'UTF-8' encoding to copy filtered properties files.
2022-05-11 21:08:42,695 [Worker-12: Building] INFO  o.e.m.c.i.embedder.EclipseLogger - Copying 1 resource
2022-05-11 21:08:42,711 [Worker-12: Building] INFO  o.e.m.c.i.embedder.EclipseLogger - Copying 10 resources
2022-05-11 21:08:42,743 [Worker-12: Building] INFO  o.e.m.c.i.embedder.EclipseLogger - Using 'UTF-8' encoding to copy filtered resources.
2022-05-11 21:08:42,743 [Worker-12: Building] INFO  o.e.m.c.i.embedder.EclipseLogger - Using 'UTF-8' encoding to copy filtered properties files.
2022-05-11 21:08:42,743 [Worker-12: Building] INFO  o.e.m.c.i.embedder.EclipseLogger - skip non existing resourceDirectory C:\Users\Manex\Documents\Code College\Spring Core\spring-in-action-6-samples-main\spring-in-action-6-samples-main\ch06\taco-cloud\src\test\resources
2022-05-18 20:56:37,755 [Worker-3: Loading available Gradle versions] INFO  o.e.b.c.i.u.g.PublishedGradleVersions - Gradle version information cache is up-to-date. Trying to read.
2022-05-18 20:57:39,453 [Worker-1: Building] INFO  o.e.m.c.i.embedder.EclipseLogger - Using 'UTF-8' encoding to copy filtered resources.
2022-05-18 20:57:39,453 [Worker-1: Building] INFO  o.e.m.c.i.embedder.EclipseLogger - Using 'UTF-8' encoding to copy filtered properties files.
2022-05-18 20:57:39,456 [Worker-1: Building] INFO  o.e.m.c.i.embedder.EclipseLogger - Copying 1 resource
2022-05-18 20:57:39,478 [Worker-1: Building] INFO  o.e.m.c.i.embedder.EclipseLogger - Copying 10 resources
2022-05-18 20:57:39,486 [Worker-1: Building] INFO  o.e.m.c.i.embedder.EclipseLogger - Using 'UTF-8' encoding to copy filtered resources.
2022-05-18 20:57:39,486 [Worker-1: Building] INFO  o.e.m.c.i.embedder.EclipseLogger - Using 'UTF-8' encoding to copy filtered properties files.
2022-05-18 20:57:39,487 [Worker-1: Building] INFO  o.e.m.c.i.embedder.EclipseLogger - skip non existing resourceDirectory C:\Users\Manex\Documents\Code College\Spring Core\spring-in-action-6-samples-main\spring-in-action-6-samples-main\ch06\taco-cloud\src\test\resources
2022-05-19 08:55:58,127 [Worker-2: Loading available Gradle versions] INFO  o.e.b.c.i.u.g.PublishedGradleVersions - Gradle version information cache is up-to-date. Trying to read.
